<?xml version="1.0" encoding="UTF-8"?>
<!-- Generated by org.testng.reporters.JUnitReportReporter -->
<testsuite skipped="0" hostname="BOND-PC" name="DumpData.TestBrowser" tests="1" failures="0" timestamp="2021-08-15T22:36:17 IST" time="16.990" errors="0">
  <testcase name="BrowserTest" time="16.990" classname="DumpData.TestBrowser"/>
  <system-out/>
</testsuite> <!-- DumpData.TestBrowser -->
