<?xml version="1.0" encoding="UTF-8"?>
<!-- Generated by org.testng.reporters.JUnitReportReporter -->
<testsuite hostname="md1zttdc" failures="0" tests="1" name="DumpData.TestBrowser" time="17.784" errors="0" timestamp="2021-08-16T15:27:59 IST" skipped="0">
  <testcase classname="DumpData.TestBrowser" name="BrowserTest" time="17.784"/>
  <system-out/>
</testsuite> <!-- DumpData.TestBrowser -->
