<?xml version="1.0" encoding="UTF-8"?>
<!-- Generated by org.testng.reporters.JUnitReportReporter -->
<testsuite hostname="md1zttdc" failures="0" tests="1" name="DumpData.TestBrowser" time="18.099" errors="0" timestamp="2021-08-19T00:28:05 IST" skipped="0">
  <testcase classname="DumpData.TestBrowser" name="BrowserTest" time="18.099"/>
  <system-out/>
</testsuite> <!-- DumpData.TestBrowser -->
